<html>
<head>
<title>TestNG:  Test(failed)(failed)(failed)</title>
<link href="../testng.css" rel="stylesheet" type="text/css" />
<link href="../my-testng.css" rel="stylesheet" type="text/css" />

<style type="text/css">
.log { display: none;} 
.stack-trace { display: none;} 
</style>
<script type="text/javascript">
<!--
function flip(e) {
  current = e.style.display;
  if (current == 'block') {
    e.style.display = 'none';
    return 0;
  }
  else {
    e.style.display = 'block';
    return 1;
  }
}

function toggleBox(szDivId, elem, msg1, msg2)
{
  var res = -1;  if (document.getElementById) {
    res = flip(document.getElementById(szDivId));
  }
  else if (document.all) {
    // this is the way old msie versions work
    res = flip(document.all[szDivId]);
  }
  if(elem) {
    if(res == 0) elem.innerHTML = msg1; else elem.innerHTML = msg2;
  }

}

function toggleAllBoxes() {
  if (document.getElementsByTagName) {
    d = document.getElementsByTagName('div');
    for (i = 0; i < d.length; i++) {
      if (d[i].className == 'log') {
        flip(d[i]);
      }
    }
  }
}

// -->
</script>

</head>
<body>
<h2 align='center'>Test(failed)(failed)(failed)</h2><table border='1' align="center">
<tr>
<td>Tests passed/Failed/Skipped:</td><td>18/4/0</td>
</tr><tr>
<td>Started on:</td><td>Tue Jan 07 14:12:30 IST 2025</td>
</tr>
<tr><td>Total time:</td><td>321 seconds (321111 ms)</td>
</tr><tr>
<td>Included groups:</td><td></td>
</tr><tr>
<td>Excluded groups:</td><td></td>
</tr>
</table><p/>
<small><i>(Hover the method name to see the test class name)</i></small><p/>
<table width='100%' border='1' class='invocation-failed'>
<tr><td colspan='4' align='center'><b>FAILED TESTS</b></td></tr>
<tr><td><b>Test method</b></td>
<td><b>Attribute(s)</b></td>
<td width="30%"><b>Exception</b></td>
<td width="10%"><b>Time (seconds)</b></td>
<td><b>Instance</b></td>
</tr>
<tr>
<td title='testCases.EADMF26_27_TC_02.verify_ClassificationSchemePage()'><b>verify_ClassificationSchemePage</b><br>Test class: testCases.EADMF26_27_TC_02<br>Parameters: Service_Chain \ Distribution \ Power, Power, Power, Power Distribution Service Chain, ****Description to be developed****, 30</td>
<td><div><pre>org.openqa.selenium.NoSuchElementException: no such element: Unable to locate element: {&quot;method&quot;:&quot;xpath&quot;,&quot;selector&quot;:&quot;//input[@title=&apos;Quick Search menu&apos;]&quot;}
  (Session info: chrome=131.0.6778.205)
For documentation on this error, please visit: https://www.selenium.dev/documentation/webdriver/troubleshooting/errors#no-such-element-exception
Build info: version: &apos;4.26.0&apos;, revision: &apos;8ccf0219d7&apos;
System info: os.name: &apos;Windows 11&apos;, os.arch: &apos;amd64&apos;, os.version: &apos;10.0&apos;, java.version: &apos;23.0.1&apos;
Driver info: org.openqa.selenium.chrome.ChromeDriver
Command: [30e4f308acec14e7fbeaa51d1a4e2256, findElement {using=xpath, value=//input[@title=&apos;Quick Search menu&apos;]}]
Capabilities {acceptInsecureCerts: false, browserName: chrome, browserVersion: 131.0.6778.205, chrome: {chromedriverVersion: 131.0.6778.204 (52183f9e99a..., userDataDir: C:\Users\VENKAT~1\AppData\L...}, fedcm:accounts: true, goog:chromeOptions: {debuggerAddress: localhost:59805}, networkConnectionEnabled: false, pageLoadStrategy: normal, platformName: windows, proxy: Proxy(), se:cdp: ws://localhost:59805/devtoo..., se:cdpVersion: 131.0.6778.205, setWindowRect: true, strictFileInteractability: false, timeouts: {implicit: 0, pageLoad: 300000, script: 30000}, unhandledPromptBehavior: dismiss and notify, webauthn:extension:credBlob: true, webauthn:extension:largeBlob: true, webauthn:extension:minPinLength: true, webauthn:extension:prf: true, webauthn:virtualAuthenticators: true}
Session ID: 30e4f308acec14e7fbeaa51d1a4e2256
	at org.openqa.selenium.remote.ErrorCodec.decode(ErrorCodec.java:167)
	at org.openqa.selenium.remote.codec.w3c.W3CHttpResponseCodec.decode(W3CHttpResponseCodec.java:138)
	at org.openqa.selenium.remote.codec.w3c.W3CHttpResponseCodec.decode(W3CHttpResponseCodec.java:50)
	at org.openqa.selenium.remote.HttpCommandExecutor.execute(HttpCommandExecutor.java:190)
	at org.openqa.selenium.remote.service.DriverCommandExecutor.invokeExecute(DriverCommandExecutor.java:216)
	at org.openqa.selenium.remote.service.DriverCommandExecutor.execute(DriverCommandExecutor.java:174)
	at org.openqa.selenium.remote.RemoteWebDriver.execute(RemoteWebDriver.java:545)
	at org.openqa.selenium.remote.ElementLocation$ElementFinder$2.findElement(ElementLocation.java:165)
	at org.openqa.selenium.remote.ElementLocation.findElement(ElementLocation.java:59)
	at org.openqa.selenium.remote.RemoteWebDriver.findElement(RemoteWebDriver.java:368)
	at org.openqa.selenium.remote.RemoteWebDriver.findElement(RemoteWebDriver.java:362)
	at org.openqa.selenium.support.pagefactory.DefaultElementLocator.findElement(DefaultElementLocator.java:68)
	at org.openqa.selenium.support.pagefactory.internal.LocatingElementHandler.invoke(LocatingElementHandler.java:38)
	at jdk.proxy2/jdk.proxy2.$Proxy28.click(Unknown Source)
	at pageObjects.ClassificationsPage.clickQuickSearchMenu(ClassificationsPage.java:75)
	at testCases.EADMF26_27_TC_02.verify_ClassificationSchemePage(EADMF26_27_TC_02.java:34)
	at java.base/java.util.ArrayList.forEach(ArrayList.java:1597)
... Removed 28 stack frames</pre></div><a href='#' onClick='toggleBox("stack-trace232834050", this, "Click to show all stack frames", "Click to hide stack frames")'>Click to show all stack frames</a>
<div class='stack-trace' id='stack-trace232834050'><pre>org.openqa.selenium.NoSuchElementException: no such element: Unable to locate element: {&quot;method&quot;:&quot;xpath&quot;,&quot;selector&quot;:&quot;//input[@title=&apos;Quick Search menu&apos;]&quot;}
  (Session info: chrome=131.0.6778.205)
For documentation on this error, please visit: https://www.selenium.dev/documentation/webdriver/troubleshooting/errors#no-such-element-exception
Build info: version: &apos;4.26.0&apos;, revision: &apos;8ccf0219d7&apos;
System info: os.name: &apos;Windows 11&apos;, os.arch: &apos;amd64&apos;, os.version: &apos;10.0&apos;, java.version: &apos;23.0.1&apos;
Driver info: org.openqa.selenium.chrome.ChromeDriver
Command: [30e4f308acec14e7fbeaa51d1a4e2256, findElement {using=xpath, value=//input[@title=&apos;Quick Search menu&apos;]}]
Capabilities {acceptInsecureCerts: false, browserName: chrome, browserVersion: 131.0.6778.205, chrome: {chromedriverVersion: 131.0.6778.204 (52183f9e99a..., userDataDir: C:\Users\VENKAT~1\AppData\L...}, fedcm:accounts: true, goog:chromeOptions: {debuggerAddress: localhost:59805}, networkConnectionEnabled: false, pageLoadStrategy: normal, platformName: windows, proxy: Proxy(), se:cdp: ws://localhost:59805/devtoo..., se:cdpVersion: 131.0.6778.205, setWindowRect: true, strictFileInteractability: false, timeouts: {implicit: 0, pageLoad: 300000, script: 30000}, unhandledPromptBehavior: dismiss and notify, webauthn:extension:credBlob: true, webauthn:extension:largeBlob: true, webauthn:extension:minPinLength: true, webauthn:extension:prf: true, webauthn:virtualAuthenticators: true}
Session ID: 30e4f308acec14e7fbeaa51d1a4e2256
	at java.base/jdk.internal.reflect.DirectConstructorHandleAccessor.newInstance(DirectConstructorHandleAccessor.java:62)
	at java.base/java.lang.reflect.Constructor.newInstanceWithCaller(Constructor.java:501)
	at java.base/java.lang.reflect.Constructor.newInstance(Constructor.java:485)
	at org.openqa.selenium.remote.ErrorCodec.decode(ErrorCodec.java:167)
	at org.openqa.selenium.remote.codec.w3c.W3CHttpResponseCodec.decode(W3CHttpResponseCodec.java:138)
	at org.openqa.selenium.remote.codec.w3c.W3CHttpResponseCodec.decode(W3CHttpResponseCodec.java:50)
	at org.openqa.selenium.remote.HttpCommandExecutor.execute(HttpCommandExecutor.java:190)
	at org.openqa.selenium.remote.service.DriverCommandExecutor.invokeExecute(DriverCommandExecutor.java:216)
	at org.openqa.selenium.remote.service.DriverCommandExecutor.execute(DriverCommandExecutor.java:174)
	at org.openqa.selenium.remote.RemoteWebDriver.execute(RemoteWebDriver.java:545)
	at org.openqa.selenium.remote.ElementLocation$ElementFinder$2.findElement(ElementLocation.java:165)
	at org.openqa.selenium.remote.ElementLocation.findElement(ElementLocation.java:59)
	at org.openqa.selenium.remote.RemoteWebDriver.findElement(RemoteWebDriver.java:368)
	at org.openqa.selenium.remote.RemoteWebDriver.findElement(RemoteWebDriver.java:362)
	at org.openqa.selenium.support.pagefactory.DefaultElementLocator.findElement(DefaultElementLocator.java:68)
	at org.openqa.selenium.support.pagefactory.internal.LocatingElementHandler.invoke(LocatingElementHandler.java:38)
	at jdk.proxy2/jdk.proxy2.$Proxy28.click(Unknown Source)
	at pageObjects.ClassificationsPage.clickQuickSearchMenu(ClassificationsPage.java:75)
	at testCases.EADMF26_27_TC_02.verify_ClassificationSchemePage(EADMF26_27_TC_02.java:34)
	at java.base/jdk.internal.reflect.DirectMethodHandleAccessor.invoke(DirectMethodHandleAccessor.java:103)
	at java.base/java.lang.reflect.Method.invoke(Method.java:580)
	at org.testng.internal.invokers.MethodInvocationHelper.invokeMethod(MethodInvocationHelper.java:141)
	at org.testng.internal.invokers.TestInvoker.invokeMethod(TestInvoker.java:686)
	at org.testng.internal.invokers.TestInvoker.invokeTestMethod(TestInvoker.java:230)
	at org.testng.internal.invokers.MethodRunner.runInSequence(MethodRunner.java:63)
	at org.testng.internal.invokers.TestInvoker$MethodInvocationAgent.invoke(TestInvoker.java:992)
	at org.testng.internal.invokers.TestInvoker.invokeTestMethods(TestInvoker.java:203)
	at org.testng.internal.invokers.TestMethodWorker.invokeTestMethods(TestMethodWorker.java:154)
	at org.testng.internal.invokers.TestMethodWorker.run(TestMethodWorker.java:134)
	at java.base/java.util.ArrayList.forEach(ArrayList.java:1597)
	at org.testng.TestRunner.privateRun(TestRunner.java:739)
	at org.testng.TestRunner.run(TestRunner.java:614)
	at org.testng.SuiteRunner.runTest(SuiteRunner.java:421)
	at org.testng.SuiteRunner.runSequentially(SuiteRunner.java:413)
	at org.testng.SuiteRunner.privateRun(SuiteRunner.java:373)
	at org.testng.SuiteRunner.run(SuiteRunner.java:312)
	at org.testng.SuiteRunnerWorker.runSuite(SuiteRunnerWorker.java:52)
	at org.testng.SuiteRunnerWorker.run(SuiteRunnerWorker.java:95)
	at org.testng.TestNG.runSuitesSequentially(TestNG.java:1274)
	at org.testng.TestNG.runSuitesLocally(TestNG.java:1208)
	at org.testng.TestNG.runSuites(TestNG.java:1112)
	at org.testng.TestNG.run(TestNG.java:1079)
	at org.testng.remote.AbstractRemoteTestNG.run(AbstractRemoteTestNG.java:115)
	at org.testng.remote.RemoteTestNG.initAndRun(RemoteTestNG.java:293)
	at org.testng.remote.RemoteTestNG.main(RemoteTestNG.java:91)
</pre></div></td>
<td>11</td>
<td>testCases.EADMF26_27_TC_02@525575</td></tr>
<tr>
<td title='testCases.EADMF26_27_TC_02.verify_ClassificationSchemePage()'><b>verify_ClassificationSchemePage</b><br>Test class: testCases.EADMF26_27_TC_02<br>Parameters: Service_Chain \ Distribution \ Non-Potable \ Reuse, Reuse, Reuse, Non-Potable Reuse Distribution Service Chain, A major stage that has a specific role (Non-Potable Water Distribution) in the water utility service chain. It contains all the components necessary to deliver reuse water to customers and is part of a Supply Scheme., 30</td>
<td><div><pre>org.openqa.selenium.NoSuchElementException: no such element: Unable to locate element: {&quot;method&quot;:&quot;xpath&quot;,&quot;selector&quot;:&quot;//input[@title=&apos;Quick Search menu&apos;]&quot;}
  (Session info: chrome=131.0.6778.205)
For documentation on this error, please visit: https://www.selenium.dev/documentation/webdriver/troubleshooting/errors#no-such-element-exception
Build info: version: &apos;4.26.0&apos;, revision: &apos;8ccf0219d7&apos;
System info: os.name: &apos;Windows 11&apos;, os.arch: &apos;amd64&apos;, os.version: &apos;10.0&apos;, java.version: &apos;23.0.1&apos;
Driver info: org.openqa.selenium.chrome.ChromeDriver
Command: [30e4f308acec14e7fbeaa51d1a4e2256, findElement {using=xpath, value=//input[@title=&apos;Quick Search menu&apos;]}]
Capabilities {acceptInsecureCerts: false, browserName: chrome, browserVersion: 131.0.6778.205, chrome: {chromedriverVersion: 131.0.6778.204 (52183f9e99a..., userDataDir: C:\Users\VENKAT~1\AppData\L...}, fedcm:accounts: true, goog:chromeOptions: {debuggerAddress: localhost:59805}, networkConnectionEnabled: false, pageLoadStrategy: normal, platformName: windows, proxy: Proxy(), se:cdp: ws://localhost:59805/devtoo..., se:cdpVersion: 131.0.6778.205, setWindowRect: true, strictFileInteractability: false, timeouts: {implicit: 0, pageLoad: 300000, script: 30000}, unhandledPromptBehavior: dismiss and notify, webauthn:extension:credBlob: true, webauthn:extension:largeBlob: true, webauthn:extension:minPinLength: true, webauthn:extension:prf: true, webauthn:virtualAuthenticators: true}
Session ID: 30e4f308acec14e7fbeaa51d1a4e2256
	at org.openqa.selenium.remote.ErrorCodec.decode(ErrorCodec.java:167)
	at org.openqa.selenium.remote.codec.w3c.W3CHttpResponseCodec.decode(W3CHttpResponseCodec.java:138)
	at org.openqa.selenium.remote.codec.w3c.W3CHttpResponseCodec.decode(W3CHttpResponseCodec.java:50)
	at org.openqa.selenium.remote.HttpCommandExecutor.execute(HttpCommandExecutor.java:190)
	at org.openqa.selenium.remote.service.DriverCommandExecutor.invokeExecute(DriverCommandExecutor.java:216)
	at org.openqa.selenium.remote.service.DriverCommandExecutor.execute(DriverCommandExecutor.java:174)
	at org.openqa.selenium.remote.RemoteWebDriver.execute(RemoteWebDriver.java:545)
	at org.openqa.selenium.remote.ElementLocation$ElementFinder$2.findElement(ElementLocation.java:165)
	at org.openqa.selenium.remote.ElementLocation.findElement(ElementLocation.java:59)
	at org.openqa.selenium.remote.RemoteWebDriver.findElement(RemoteWebDriver.java:368)
	at org.openqa.selenium.remote.RemoteWebDriver.findElement(RemoteWebDriver.java:362)
	at org.openqa.selenium.support.pagefactory.DefaultElementLocator.findElement(DefaultElementLocator.java:68)
	at org.openqa.selenium.support.pagefactory.internal.LocatingElementHandler.invoke(LocatingElementHandler.java:38)
	at jdk.proxy2/jdk.proxy2.$Proxy28.click(Unknown Source)
	at pageObjects.ClassificationsPage.clickQuickSearchMenu(ClassificationsPage.java:75)
	at testCases.EADMF26_27_TC_02.verify_ClassificationSchemePage(EADMF26_27_TC_02.java:34)
	at java.base/java.util.ArrayList.forEach(ArrayList.java:1597)
... Removed 28 stack frames</pre></div><a href='#' onClick='toggleBox("stack-trace1495761010", this, "Click to show all stack frames", "Click to hide stack frames")'>Click to show all stack frames</a>
<div class='stack-trace' id='stack-trace1495761010'><pre>org.openqa.selenium.NoSuchElementException: no such element: Unable to locate element: {&quot;method&quot;:&quot;xpath&quot;,&quot;selector&quot;:&quot;//input[@title=&apos;Quick Search menu&apos;]&quot;}
  (Session info: chrome=131.0.6778.205)
For documentation on this error, please visit: https://www.selenium.dev/documentation/webdriver/troubleshooting/errors#no-such-element-exception
Build info: version: &apos;4.26.0&apos;, revision: &apos;8ccf0219d7&apos;
System info: os.name: &apos;Windows 11&apos;, os.arch: &apos;amd64&apos;, os.version: &apos;10.0&apos;, java.version: &apos;23.0.1&apos;
Driver info: org.openqa.selenium.chrome.ChromeDriver
Command: [30e4f308acec14e7fbeaa51d1a4e2256, findElement {using=xpath, value=//input[@title=&apos;Quick Search menu&apos;]}]
Capabilities {acceptInsecureCerts: false, browserName: chrome, browserVersion: 131.0.6778.205, chrome: {chromedriverVersion: 131.0.6778.204 (52183f9e99a..., userDataDir: C:\Users\VENKAT~1\AppData\L...}, fedcm:accounts: true, goog:chromeOptions: {debuggerAddress: localhost:59805}, networkConnectionEnabled: false, pageLoadStrategy: normal, platformName: windows, proxy: Proxy(), se:cdp: ws://localhost:59805/devtoo..., se:cdpVersion: 131.0.6778.205, setWindowRect: true, strictFileInteractability: false, timeouts: {implicit: 0, pageLoad: 300000, script: 30000}, unhandledPromptBehavior: dismiss and notify, webauthn:extension:credBlob: true, webauthn:extension:largeBlob: true, webauthn:extension:minPinLength: true, webauthn:extension:prf: true, webauthn:virtualAuthenticators: true}
Session ID: 30e4f308acec14e7fbeaa51d1a4e2256
	at java.base/jdk.internal.reflect.DirectConstructorHandleAccessor.newInstance(DirectConstructorHandleAccessor.java:62)
	at java.base/java.lang.reflect.Constructor.newInstanceWithCaller(Constructor.java:501)
	at java.base/java.lang.reflect.Constructor.newInstance(Constructor.java:485)
	at org.openqa.selenium.remote.ErrorCodec.decode(ErrorCodec.java:167)
	at org.openqa.selenium.remote.codec.w3c.W3CHttpResponseCodec.decode(W3CHttpResponseCodec.java:138)
	at org.openqa.selenium.remote.codec.w3c.W3CHttpResponseCodec.decode(W3CHttpResponseCodec.java:50)
	at org.openqa.selenium.remote.HttpCommandExecutor.execute(HttpCommandExecutor.java:190)
	at org.openqa.selenium.remote.service.DriverCommandExecutor.invokeExecute(DriverCommandExecutor.java:216)
	at org.openqa.selenium.remote.service.DriverCommandExecutor.execute(DriverCommandExecutor.java:174)
	at org.openqa.selenium.remote.RemoteWebDriver.execute(RemoteWebDriver.java:545)
	at org.openqa.selenium.remote.ElementLocation$ElementFinder$2.findElement(ElementLocation.java:165)
	at org.openqa.selenium.remote.ElementLocation.findElement(ElementLocation.java:59)
	at org.openqa.selenium.remote.RemoteWebDriver.findElement(RemoteWebDriver.java:368)
	at org.openqa.selenium.remote.RemoteWebDriver.findElement(RemoteWebDriver.java:362)
	at org.openqa.selenium.support.pagefactory.DefaultElementLocator.findElement(DefaultElementLocator.java:68)
	at org.openqa.selenium.support.pagefactory.internal.LocatingElementHandler.invoke(LocatingElementHandler.java:38)
	at jdk.proxy2/jdk.proxy2.$Proxy28.click(Unknown Source)
	at pageObjects.ClassificationsPage.clickQuickSearchMenu(ClassificationsPage.java:75)
	at testCases.EADMF26_27_TC_02.verify_ClassificationSchemePage(EADMF26_27_TC_02.java:34)
	at java.base/jdk.internal.reflect.DirectMethodHandleAccessor.invoke(DirectMethodHandleAccessor.java:103)
	at java.base/java.lang.reflect.Method.invoke(Method.java:580)
	at org.testng.internal.invokers.MethodInvocationHelper.invokeMethod(MethodInvocationHelper.java:141)
	at org.testng.internal.invokers.TestInvoker.invokeMethod(TestInvoker.java:686)
	at org.testng.internal.invokers.TestInvoker.invokeTestMethod(TestInvoker.java:230)
	at org.testng.internal.invokers.MethodRunner.runInSequence(MethodRunner.java:63)
	at org.testng.internal.invokers.TestInvoker$MethodInvocationAgent.invoke(TestInvoker.java:992)
	at org.testng.internal.invokers.TestInvoker.invokeTestMethods(TestInvoker.java:203)
	at org.testng.internal.invokers.TestMethodWorker.invokeTestMethods(TestMethodWorker.java:154)
	at org.testng.internal.invokers.TestMethodWorker.run(TestMethodWorker.java:134)
	at java.base/java.util.ArrayList.forEach(ArrayList.java:1597)
	at org.testng.TestRunner.privateRun(TestRunner.java:739)
	at org.testng.TestRunner.run(TestRunner.java:614)
	at org.testng.SuiteRunner.runTest(SuiteRunner.java:421)
	at org.testng.SuiteRunner.runSequentially(SuiteRunner.java:413)
	at org.testng.SuiteRunner.privateRun(SuiteRunner.java:373)
	at org.testng.SuiteRunner.run(SuiteRunner.java:312)
	at org.testng.SuiteRunnerWorker.runSuite(SuiteRunnerWorker.java:52)
	at org.testng.SuiteRunnerWorker.run(SuiteRunnerWorker.java:95)
	at org.testng.TestNG.runSuitesSequentially(TestNG.java:1274)
	at org.testng.TestNG.runSuitesLocally(TestNG.java:1208)
	at org.testng.TestNG.runSuites(TestNG.java:1112)
	at org.testng.TestNG.run(TestNG.java:1079)
	at org.testng.remote.AbstractRemoteTestNG.run(AbstractRemoteTestNG.java:115)
	at org.testng.remote.RemoteTestNG.initAndRun(RemoteTestNG.java:293)
	at org.testng.remote.RemoteTestNG.main(RemoteTestNG.java:91)
</pre></div></td>
<td>11</td>
<td>testCases.EADMF26_27_TC_02@525575</td></tr>
<tr>
<td title='testCases.EADMF26_27_TC_02.verify_ClassificationSchemePage()'><b>verify_ClassificationSchemePage</b><br>Test class: testCases.EADMF26_27_TC_02<br>Parameters: Service_Chain \ Distribution \ Non-Potable \ Water, Water, Water, Non-Potable Water Distribution Service Chain, A major stage that has a specific role (Non Potable Distribution) in the water utility service chain.It contains all the components necessary to deliver non potable water to customers and is part of a Supply Scheme., 30</td>
<td><div><pre>java.lang.AssertionError: expected [A major stage that has a specific role (Non Potable Distribution) in the water utility service chain.It contains all the components necessary to deliver non potable water to customers and is part of a Supply Scheme.] but found [A major stage that has a specific role (Non Potable Distribution) in the water utility service chain. It contains all the components necessary to deliver non potable water to customers and is part of a Supply Scheme.]
	at testCases.EADMF26_27_TC_02.verify_ClassificationSchemePage(EADMF26_27_TC_02.java:64)
	at java.base/java.util.ArrayList.forEach(ArrayList.java:1597)
... Removed 31 stack frames</pre></div><a href='#' onClick='toggleBox("stack-trace1120735174", this, "Click to show all stack frames", "Click to hide stack frames")'>Click to show all stack frames</a>
<div class='stack-trace' id='stack-trace1120735174'><pre>java.lang.AssertionError: expected [A major stage that has a specific role (Non Potable Distribution) in the water utility service chain.It contains all the components necessary to deliver non potable water to customers and is part of a Supply Scheme.] but found [A major stage that has a specific role (Non Potable Distribution) in the water utility service chain. It contains all the components necessary to deliver non potable water to customers and is part of a Supply Scheme.]
	at org.testng.Assert.fail(Assert.java:111)
	at org.testng.Assert.failNotEquals(Assert.java:1578)
	at org.testng.Assert.assertEqualsImpl(Assert.java:150)
	at org.testng.Assert.assertEquals(Assert.java:132)
	at org.testng.Assert.assertEquals(Assert.java:656)
	at org.testng.Assert.assertEquals(Assert.java:666)
	at testCases.EADMF26_27_TC_02.verify_ClassificationSchemePage(EADMF26_27_TC_02.java:64)
	at java.base/jdk.internal.reflect.DirectMethodHandleAccessor.invoke(DirectMethodHandleAccessor.java:103)
	at java.base/java.lang.reflect.Method.invoke(Method.java:580)
	at org.testng.internal.invokers.MethodInvocationHelper.invokeMethod(MethodInvocationHelper.java:141)
	at org.testng.internal.invokers.TestInvoker.invokeMethod(TestInvoker.java:686)
	at org.testng.internal.invokers.TestInvoker.invokeTestMethod(TestInvoker.java:230)
	at org.testng.internal.invokers.MethodRunner.runInSequence(MethodRunner.java:63)
	at org.testng.internal.invokers.TestInvoker$MethodInvocationAgent.invoke(TestInvoker.java:992)
	at org.testng.internal.invokers.TestInvoker.invokeTestMethods(TestInvoker.java:203)
	at org.testng.internal.invokers.TestMethodWorker.invokeTestMethods(TestMethodWorker.java:154)
	at org.testng.internal.invokers.TestMethodWorker.run(TestMethodWorker.java:134)
	at java.base/java.util.ArrayList.forEach(ArrayList.java:1597)
	at org.testng.TestRunner.privateRun(TestRunner.java:739)
	at org.testng.TestRunner.run(TestRunner.java:614)
	at org.testng.SuiteRunner.runTest(SuiteRunner.java:421)
	at org.testng.SuiteRunner.runSequentially(SuiteRunner.java:413)
	at org.testng.SuiteRunner.privateRun(SuiteRunner.java:373)
	at org.testng.SuiteRunner.run(SuiteRunner.java:312)
	at org.testng.SuiteRunnerWorker.runSuite(SuiteRunnerWorker.java:52)
	at org.testng.SuiteRunnerWorker.run(SuiteRunnerWorker.java:95)
	at org.testng.TestNG.runSuitesSequentially(TestNG.java:1274)
	at org.testng.TestNG.runSuitesLocally(TestNG.java:1208)
	at org.testng.TestNG.runSuites(TestNG.java:1112)
	at org.testng.TestNG.run(TestNG.java:1079)
	at org.testng.remote.AbstractRemoteTestNG.run(AbstractRemoteTestNG.java:115)
	at org.testng.remote.RemoteTestNG.initAndRun(RemoteTestNG.java:293)
	at org.testng.remote.RemoteTestNG.main(RemoteTestNG.java:91)
</pre></div></td>
<td>14</td>
<td>testCases.EADMF26_27_TC_02@525575</td></tr>
<tr>
<td title='testCases.EADMF26_27_TC_02.verify_ClassificationSchemePage()'><b>verify_ClassificationSchemePage</b><br>Test class: testCases.EADMF26_27_TC_02<br>Parameters: Service_Chain \ Distribution \ Non-Potable \ Irrigation, Irrigation, Irrigation, Non-Potable Irrigation Distribution Service Chain, A major stage that has a specific role (Irrigation Distribution / Non Potable Distribution) in the water utility service chain. It contains all the components necessary to deliver irrigation water to customers and is part of a Supply Scheme., 30</td>
<td><div><pre>org.openqa.selenium.NoSuchElementException: no such element: Unable to locate element: {&quot;method&quot;:&quot;xpath&quot;,&quot;selector&quot;:&quot;//input[@title=&apos;Quick Search menu&apos;]&quot;}
  (Session info: chrome=131.0.6778.205)
For documentation on this error, please visit: https://www.selenium.dev/documentation/webdriver/troubleshooting/errors#no-such-element-exception
Build info: version: &apos;4.26.0&apos;, revision: &apos;8ccf0219d7&apos;
System info: os.name: &apos;Windows 11&apos;, os.arch: &apos;amd64&apos;, os.version: &apos;10.0&apos;, java.version: &apos;23.0.1&apos;
Driver info: org.openqa.selenium.chrome.ChromeDriver
Command: [30e4f308acec14e7fbeaa51d1a4e2256, findElement {using=xpath, value=//input[@title=&apos;Quick Search menu&apos;]}]
Capabilities {acceptInsecureCerts: false, browserName: chrome, browserVersion: 131.0.6778.205, chrome: {chromedriverVersion: 131.0.6778.204 (52183f9e99a..., userDataDir: C:\Users\VENKAT~1\AppData\L...}, fedcm:accounts: true, goog:chromeOptions: {debuggerAddress: localhost:59805}, networkConnectionEnabled: false, pageLoadStrategy: normal, platformName: windows, proxy: Proxy(), se:cdp: ws://localhost:59805/devtoo..., se:cdpVersion: 131.0.6778.205, setWindowRect: true, strictFileInteractability: false, timeouts: {implicit: 0, pageLoad: 300000, script: 30000}, unhandledPromptBehavior: dismiss and notify, webauthn:extension:credBlob: true, webauthn:extension:largeBlob: true, webauthn:extension:minPinLength: true, webauthn:extension:prf: true, webauthn:virtualAuthenticators: true}
Session ID: 30e4f308acec14e7fbeaa51d1a4e2256
	at org.openqa.selenium.remote.ErrorCodec.decode(ErrorCodec.java:167)
	at org.openqa.selenium.remote.codec.w3c.W3CHttpResponseCodec.decode(W3CHttpResponseCodec.java:138)
	at org.openqa.selenium.remote.codec.w3c.W3CHttpResponseCodec.decode(W3CHttpResponseCodec.java:50)
	at org.openqa.selenium.remote.HttpCommandExecutor.execute(HttpCommandExecutor.java:190)
	at org.openqa.selenium.remote.service.DriverCommandExecutor.invokeExecute(DriverCommandExecutor.java:216)
	at org.openqa.selenium.remote.service.DriverCommandExecutor.execute(DriverCommandExecutor.java:174)
	at org.openqa.selenium.remote.RemoteWebDriver.execute(RemoteWebDriver.java:545)
	at org.openqa.selenium.remote.ElementLocation$ElementFinder$2.findElement(ElementLocation.java:165)
	at org.openqa.selenium.remote.ElementLocation.findElement(ElementLocation.java:59)
	at org.openqa.selenium.remote.RemoteWebDriver.findElement(RemoteWebDriver.java:368)
	at org.openqa.selenium.remote.RemoteWebDriver.findElement(RemoteWebDriver.java:362)
	at org.openqa.selenium.support.pagefactory.DefaultElementLocator.findElement(DefaultElementLocator.java:68)
	at org.openqa.selenium.support.pagefactory.internal.LocatingElementHandler.invoke(LocatingElementHandler.java:38)
	at jdk.proxy2/jdk.proxy2.$Proxy28.click(Unknown Source)
	at pageObjects.ClassificationsPage.clickQuickSearchMenu(ClassificationsPage.java:75)
	at testCases.EADMF26_27_TC_02.verify_ClassificationSchemePage(EADMF26_27_TC_02.java:34)
	at java.base/java.util.ArrayList.forEach(ArrayList.java:1597)
... Removed 28 stack frames</pre></div><a href='#' onClick='toggleBox("stack-trace334681132", this, "Click to show all stack frames", "Click to hide stack frames")'>Click to show all stack frames</a>
<div class='stack-trace' id='stack-trace334681132'><pre>org.openqa.selenium.NoSuchElementException: no such element: Unable to locate element: {&quot;method&quot;:&quot;xpath&quot;,&quot;selector&quot;:&quot;//input[@title=&apos;Quick Search menu&apos;]&quot;}
  (Session info: chrome=131.0.6778.205)
For documentation on this error, please visit: https://www.selenium.dev/documentation/webdriver/troubleshooting/errors#no-such-element-exception
Build info: version: &apos;4.26.0&apos;, revision: &apos;8ccf0219d7&apos;
System info: os.name: &apos;Windows 11&apos;, os.arch: &apos;amd64&apos;, os.version: &apos;10.0&apos;, java.version: &apos;23.0.1&apos;
Driver info: org.openqa.selenium.chrome.ChromeDriver
Command: [30e4f308acec14e7fbeaa51d1a4e2256, findElement {using=xpath, value=//input[@title=&apos;Quick Search menu&apos;]}]
Capabilities {acceptInsecureCerts: false, browserName: chrome, browserVersion: 131.0.6778.205, chrome: {chromedriverVersion: 131.0.6778.204 (52183f9e99a..., userDataDir: C:\Users\VENKAT~1\AppData\L...}, fedcm:accounts: true, goog:chromeOptions: {debuggerAddress: localhost:59805}, networkConnectionEnabled: false, pageLoadStrategy: normal, platformName: windows, proxy: Proxy(), se:cdp: ws://localhost:59805/devtoo..., se:cdpVersion: 131.0.6778.205, setWindowRect: true, strictFileInteractability: false, timeouts: {implicit: 0, pageLoad: 300000, script: 30000}, unhandledPromptBehavior: dismiss and notify, webauthn:extension:credBlob: true, webauthn:extension:largeBlob: true, webauthn:extension:minPinLength: true, webauthn:extension:prf: true, webauthn:virtualAuthenticators: true}
Session ID: 30e4f308acec14e7fbeaa51d1a4e2256
	at java.base/jdk.internal.reflect.DirectConstructorHandleAccessor.newInstance(DirectConstructorHandleAccessor.java:62)
	at java.base/java.lang.reflect.Constructor.newInstanceWithCaller(Constructor.java:501)
	at java.base/java.lang.reflect.Constructor.newInstance(Constructor.java:485)
	at org.openqa.selenium.remote.ErrorCodec.decode(ErrorCodec.java:167)
	at org.openqa.selenium.remote.codec.w3c.W3CHttpResponseCodec.decode(W3CHttpResponseCodec.java:138)
	at org.openqa.selenium.remote.codec.w3c.W3CHttpResponseCodec.decode(W3CHttpResponseCodec.java:50)
	at org.openqa.selenium.remote.HttpCommandExecutor.execute(HttpCommandExecutor.java:190)
	at org.openqa.selenium.remote.service.DriverCommandExecutor.invokeExecute(DriverCommandExecutor.java:216)
	at org.openqa.selenium.remote.service.DriverCommandExecutor.execute(DriverCommandExecutor.java:174)
	at org.openqa.selenium.remote.RemoteWebDriver.execute(RemoteWebDriver.java:545)
	at org.openqa.selenium.remote.ElementLocation$ElementFinder$2.findElement(ElementLocation.java:165)
	at org.openqa.selenium.remote.ElementLocation.findElement(ElementLocation.java:59)
	at org.openqa.selenium.remote.RemoteWebDriver.findElement(RemoteWebDriver.java:368)
	at org.openqa.selenium.remote.RemoteWebDriver.findElement(RemoteWebDriver.java:362)
	at org.openqa.selenium.support.pagefactory.DefaultElementLocator.findElement(DefaultElementLocator.java:68)
	at org.openqa.selenium.support.pagefactory.internal.LocatingElementHandler.invoke(LocatingElementHandler.java:38)
	at jdk.proxy2/jdk.proxy2.$Proxy28.click(Unknown Source)
	at pageObjects.ClassificationsPage.clickQuickSearchMenu(ClassificationsPage.java:75)
	at testCases.EADMF26_27_TC_02.verify_ClassificationSchemePage(EADMF26_27_TC_02.java:34)
	at java.base/jdk.internal.reflect.DirectMethodHandleAccessor.invoke(DirectMethodHandleAccessor.java:103)
	at java.base/java.lang.reflect.Method.invoke(Method.java:580)
	at org.testng.internal.invokers.MethodInvocationHelper.invokeMethod(MethodInvocationHelper.java:141)
	at org.testng.internal.invokers.TestInvoker.invokeMethod(TestInvoker.java:686)
	at org.testng.internal.invokers.TestInvoker.invokeTestMethod(TestInvoker.java:230)
	at org.testng.internal.invokers.MethodRunner.runInSequence(MethodRunner.java:63)
	at org.testng.internal.invokers.TestInvoker$MethodInvocationAgent.invoke(TestInvoker.java:992)
	at org.testng.internal.invokers.TestInvoker.invokeTestMethods(TestInvoker.java:203)
	at org.testng.internal.invokers.TestMethodWorker.invokeTestMethods(TestMethodWorker.java:154)
	at org.testng.internal.invokers.TestMethodWorker.run(TestMethodWorker.java:134)
	at java.base/java.util.ArrayList.forEach(ArrayList.java:1597)
	at org.testng.TestRunner.privateRun(TestRunner.java:739)
	at org.testng.TestRunner.run(TestRunner.java:614)
	at org.testng.SuiteRunner.runTest(SuiteRunner.java:421)
	at org.testng.SuiteRunner.runSequentially(SuiteRunner.java:413)
	at org.testng.SuiteRunner.privateRun(SuiteRunner.java:373)
	at org.testng.SuiteRunner.run(SuiteRunner.java:312)
	at org.testng.SuiteRunnerWorker.runSuite(SuiteRunnerWorker.java:52)
	at org.testng.SuiteRunnerWorker.run(SuiteRunnerWorker.java:95)
	at org.testng.TestNG.runSuitesSequentially(TestNG.java:1274)
	at org.testng.TestNG.runSuitesLocally(TestNG.java:1208)
	at org.testng.TestNG.runSuites(TestNG.java:1112)
	at org.testng.TestNG.run(TestNG.java:1079)
	at org.testng.remote.AbstractRemoteTestNG.run(AbstractRemoteTestNG.java:115)
	at org.testng.remote.RemoteTestNG.initAndRun(RemoteTestNG.java:293)
	at org.testng.remote.RemoteTestNG.main(RemoteTestNG.java:91)
</pre></div></td>
<td>11</td>
<td>testCases.EADMF26_27_TC_02@525575</td></tr>
</table><p>
<table width='100%' border='1' class='invocation-passed'>
<tr><td colspan='4' align='center'><b>PASSED TESTS</b></td></tr>
<tr><td><b>Test method</b></td>
<td><b>Attribute(s)</b></td>
<td width="30%"><b>Exception</b></td>
<td width="10%"><b>Time (seconds)</b></td>
<td><b>Instance</b></td>
</tr>
<tr>
<td title='testCases.EADMF26_27_TC_02.Login()'><b>Login</b><br>Test class: testCases.EADMF26_27_TC_02</td>
<td></td>
<td>5</td>
<td>testCases.EADMF26_27_TC_02@525575</td></tr>
<tr>
<td title='testCases.EADMF26_27_TC_02.verify_ClassificationSchemePage()'><b>verify_ClassificationSchemePage</b><br>Test class: testCases.EADMF26_27_TC_02<br>Parameters: Service_Chain \ Generation \ Power, Power, Power, Power Generation Service Chain, ****Description to be developed****, 21</td>
<td></td>
<td>14</td>
<td>testCases.EADMF26_27_TC_02@525575</td></tr>
<tr>
<td title='testCases.EADMF26_27_TC_02.verify_ClassificationSchemePage()'><b>verify_ClassificationSchemePage</b><br>Test class: testCases.EADMF26_27_TC_02<br>Parameters: Service_Chain \ Treatment \ Non-Potable \ Water, Water, Water, Non-Potable Water Treatment Service Chain, A major stage that has a specific role (Non-Potable Water Treatment) in the water utility service chain. It contains all the components necessary to treat raw water to required standards and is part of Supply Scheme., 20</td>
<td></td>
<td>14</td>
<td>testCases.EADMF26_27_TC_02@525575</td></tr>
<tr>
<td title='testCases.EADMF26_27_TC_02.verify_ClassificationSchemePage()'><b>verify_ClassificationSchemePage</b><br>Test class: testCases.EADMF26_27_TC_02<br>Parameters: Service_Chain \ Distribution, Distribution, Distribution, Distribution Service Chain, A major stage that has a specific role in the utility's service chain and contains all the components necessary to deliver product to customers and is part of a Supply Scheme., N/A</td>
<td></td>
<td>14</td>
<td>testCases.EADMF26_27_TC_02@525575</td></tr>
<tr>
<td title='testCases.EADMF26_27_TC_02.verify_ClassificationSchemePage()'><b>verify_ClassificationSchemePage</b><br>Test class: testCases.EADMF26_27_TC_02<br>Parameters: Service_Chain \ Treatment \ Drainage, Drainage, Drainage, Drainage Treatment Service Chain, A major stage that has a specific role (Drainage Treatment) in the water utility service chain. It contains all the components necessary to treat stormwater to disposal standards and is part of a Collection Scheme., 20</td>
<td></td>
<td>14</td>
<td>testCases.EADMF26_27_TC_02@525575</td></tr>
<tr>
<td title='testCases.EADMF26_27_TC_02.verify_ClassificationSchemePage()'><b>verify_ClassificationSchemePage</b><br>Test class: testCases.EADMF26_27_TC_02<br>Parameters: Service_Chain \ Treatment \ Potable \ Water, Water, Water, Potable Water Treatment Service Chain, A major stage that has a specific role (Water Treatment) in the water utility service chain. It contains all the components necessary to treat raw water to potable standards and is part of Supply Scheme., 20</td>
<td></td>
<td>14</td>
<td>testCases.EADMF26_27_TC_02@525575</td></tr>
<tr>
<td title='testCases.EADMF26_27_TC_02.verify_ClassificationSchemePage()'><b>verify_ClassificationSchemePage</b><br>Test class: testCases.EADMF26_27_TC_02<br>Parameters: Service_Chain \ Disposal, Disposal, Disposal, Disposal Service Chain, A major stage that has a specific role in the water utility service chain and contains all the components necessary to transfer product to the environment as part of the disposal part of a Collection Scheme., N/A</td>
<td></td>
<td>14</td>
<td>testCases.EADMF26_27_TC_02@525575</td></tr>
<tr>
<td title='testCases.EADMF26_27_TC_02.verify_ClassificationSchemePage()'><b>verify_ClassificationSchemePage</b><br>Test class: testCases.EADMF26_27_TC_02<br>Parameters: Service_Chain \ Treatment \ Non-Potable \ Irrigation, Irrigation, Irrigation, Non-Potable Irrigation Treatment Service Chain, A major stage that has a specific role (Irrigation Water Treatment) in the water utility service chain. It contains all the components necessary to treat raw water to required standards and is part of Supply Scheme., 20</td>
<td></td>
<td>14</td>
<td>testCases.EADMF26_27_TC_02@525575</td></tr>
<tr>
<td title='testCases.EADMF26_27_TC_02.verify_ClassificationSchemePage()'><b>verify_ClassificationSchemePage</b><br>Test class: testCases.EADMF26_27_TC_02<br>Parameters: Service_Chain \ Distribution \ Potable, Potable, Potable, Potable Distribution Service Chain, A major stage that has a specific role in the water utility service chain and contains all the components necessary to deliver product to customers and is part of a Potable Supply Scheme., N/A</td>
<td></td>
<td>14</td>
<td>testCases.EADMF26_27_TC_02@525575</td></tr>
<tr>
<td title='testCases.EADMF26_27_TC_02.verify_ClassificationSchemePage()'><b>verify_ClassificationSchemePage</b><br>Test class: testCases.EADMF26_27_TC_02<br>Parameters: Service_Chain \ Distribution \ Non-Potable, Non-Potable, Non-Potable, Non-Potable Distribution Service Chain, A major stage that has a specific role in the water utility service chain and contains all the components necessary to deliver product to customers and is part of a Non-Potable Supply Scheme., N/A</td>
<td></td>
<td>14</td>
<td>testCases.EADMF26_27_TC_02@525575</td></tr>
<tr>
<td title='testCases.EADMF26_27_TC_02.verify_ClassificationSchemePage()'><b>verify_ClassificationSchemePage</b><br>Test class: testCases.EADMF26_27_TC_02<br>Parameters: Service_Chain \ Generation, Generation, Generation, Generation Service Chain, ****Description to be developed****, N/A</td>
<td></td>
<td>14</td>
<td>testCases.EADMF26_27_TC_02@525575</td></tr>
<tr>
<td title='testCases.EADMF26_27_TC_02.verify_ClassificationSchemePage()'><b>verify_ClassificationSchemePage</b><br>Test class: testCases.EADMF26_27_TC_02<br>Parameters: Service_Chain \ Disposal \ Drainage, Drainage, Drainage, Drainage Disposal Service Chain, A major stage that has a specific role (Drainage Disposal) in the water utility service chain. It contains all the components necessary to transfer stormwater (liquids and solids) to the environment and is part of a Collection Scheme., 30</td>
<td></td>
<td>14</td>
<td>testCases.EADMF26_27_TC_02@525575</td></tr>
<tr>
<td title='testCases.EADMF26_27_TC_02.verify_ClassificationSchemePage()'><b>verify_ClassificationSchemePage</b><br>Test class: testCases.EADMF26_27_TC_02<br>Parameters: Service_Chain \ Treatment \ Non-Potable, Non-Potable, Non-Potable, Non-Potable Treatment Service Chain, A major stage that has a specific role in the water utility service chain and contains all the components necessary to treat product to required standards as part of Non-Potable Supply Scheme., N/A</td>
<td></td>
<td>14</td>
<td>testCases.EADMF26_27_TC_02@525575</td></tr>
<tr>
<td title='testCases.EADMF26_27_TC_02.verify_ClassificationSchemePage()'><b>verify_ClassificationSchemePage</b><br>Test class: testCases.EADMF26_27_TC_02<br>Parameters: Service_Chain \ Disposal \ Wastewater, Wastewater, Wastewater, Wastewater Disposal Service Chain, A major stage that has a specific role (Wastewater Disposal) in the water utility service chain. It contains all the components necessary to transfer treated wastewater products (liquids and solids) to customers (i.e. Reuse) or the environment and is part of a Collection Scheme., 30</td>
<td></td>
<td>14</td>
<td>testCases.EADMF26_27_TC_02@525575</td></tr>
<tr>
<td title='testCases.EADMF26_27_TC_02.verify_ClassificationSchemePage()'><b>verify_ClassificationSchemePage</b><br>Test class: testCases.EADMF26_27_TC_02<br>Parameters: Service_Chain \ Treatment \ Non-Potable \ Reuse, Reuse, Reuse, Non-Potable Reuse Treatment Service Chain, A major stage that has a specific role (Water Treatment) in the water utility service chain. It contains all the components necessary to treat reuse water to potable standards and is part of Supply Scheme., 20</td>
<td></td>
<td>14</td>
<td>testCases.EADMF26_27_TC_02@525575</td></tr>
<tr>
<td title='testCases.EADMF26_27_TC_02.verify_ClassificationSchemePage()'><b>verify_ClassificationSchemePage</b><br>Test class: testCases.EADMF26_27_TC_02<br>Parameters: Service_Chain \ Treatment \ Wastewater, Wastewater, Wastewater, Wastewater Treatment Service Chain, A major stage that has a specific role (Wastewater Treatment) in the water utility service chain. It contains all the components necessary to treat wastewater to disposal standards and is part of a Collection Scheme., 20</td>
<td></td>
<td>14</td>
<td>testCases.EADMF26_27_TC_02@525575</td></tr>
<tr>
<td title='testCases.EADMF26_27_TC_02.verify_ClassificationSchemePage()'><b>verify_ClassificationSchemePage</b><br>Test class: testCases.EADMF26_27_TC_02<br>Parameters: Service_Chain \ Treatment \ Potable, Potable, Potable, Potable Treatment Service Chain, A major stage that has a specific role in the water utility service chain and contains all the components necessary to treat product to required standards and is part of Supply Scheme., N/A</td>
<td></td>
<td>14</td>
<td>testCases.EADMF26_27_TC_02@525575</td></tr>
<tr>
<td title='testCases.EADMF26_27_TC_02.verify_ClassificationSchemePage()'><b>verify_ClassificationSchemePage</b><br>Test class: testCases.EADMF26_27_TC_02<br>Parameters: Service_Chain \ Distribution \ Potable \ Water, Water, Water, Potable Water Distribution Service Chain, A major stage that has a specific role (Potable Water Distribution) in the water utility service chain. It contains all the components necessary to deliver potable water to customers and is part of a Supply Scheme., 30</td>
<td></td>
<td>14</td>
<td>testCases.EADMF26_27_TC_02@525575</td></tr>
</table><p>
</body>
</html>